C++项目：贪吃蛇
项目日志：
10/13
一：
1.1：
面向对象编程，先创建一个LCD 类
采用类内声明类外使用作用域编码的方式编写功能函数
初步实现lcd屏幕的构造函数，打开lcd屏，如若打开失败，使用c++报错cerr输出错误信息
打开映射
1.2：
实现画点函数draw_point
通过映射获取的是lcd屏的首地址指针，根据一行800个像素点可以推出x轴加一，y轴加800，故可推出
画点函数*(lcd_p+x+y*800)=color;
1.3：
实现画矩形接口和画圆形接口，为贪吃蛇的蛇头蛇身做准备
传参传入矩形的宽高或圆形的半径及其颜色再通过画点函数即可得到想要的蛇头蛇身
1.4
实现bmp图片的显示
与用C语言实现bmp图片的显示一致，因为bmp图片每个基本组成不超过4个字节，故可以定义一个4字节的数组
首先打开bmp图片文件根据魔数判断是否为bmp图片，然后在依次根据bmp图片的偏移量读取位宽位高和色深
在分情况讨论，如果色深为32位，bmp_A读取相应的值，如果为24，则bmp_A为0，然后根据bmp图片是从下往上刷且图片的rgb与屏幕的rgb对于相反
可以实现画图函数
1.5
实现LCD析构函数
析构函数中理应含有关闭lcd屏和解除映射
二：
2.1
.创建一个触摸屏类实现通过触摸人机交互
首先实现touch构造函数，打开触摸屏的文件并赋予权限
2.2
实现屏幕点击事件
get_coordinate（int &x，int &y）；通过引用将触摸点的xy坐标传出，方便后面根据触摸坐标位置实现功能
要实现屏幕点击事件首先得创建一个struct input_event 对象，在根据触摸屏点击事件的相关函数即可获取点击坐标
以及点击功能，其中要注意的是触摸屏的坐标与lcd屏幕的坐标有偏差，x （1.0*800/1024）y (1.0*480/600)
2.3
实现触摸屏析构函数
仅需将触摸屏文件关闭即可
使用close即可完成



